<?xml version="1.0" encoding="UTF-8"?>
<!-- Generated by org.testng.reporters.JUnitReportReporter -->
<testsuite hostname="LAPTOP-PJB33SAK" failures="0" tests="1" name="seleniumTests.AlertDemo" time="21.970" errors="0" timestamp="04 Feb 2022 20:41:44 GMT" skipped="0">
  <testcase classname="seleniumTests.AlertDemo" name="alertDemo" time="21.970"/>
</testsuite> <!-- seleniumTests.AlertDemo -->
