<?xml version="1.0" encoding="UTF-8"?>
<!-- Generated by org.testng.reporters.JUnitReportReporter -->
<testsuite hostname="LAPTOP-PJB33SAK" failures="0" tests="1" name="seleniumTests.FirstSeleniumTest" time="41.385" errors="0" timestamp="02 Feb 2022 17:03:42 GMT" skipped="0">
  <testcase classname="seleniumTests.FirstSeleniumTest" name="launchTest" time="41.385"/>
</testsuite> <!-- seleniumTests.FirstSeleniumTest -->
