<?xml version="1.0" encoding="UTF-8"?>
<!-- Generated by org.testng.reporters.JUnitReportReporter -->
<testsuite hostname="LAPTOP-PJB33SAK" failures="0" tests="2" name="testing.Selenium.MadhuSecondTest2" time="0.003" errors="0" timestamp="01 Feb 2022 11:50:30 GMT" skipped="0">
  <testcase classname="testing.Selenium.MadhuSecondTest2" name="madhuThirdTest" time="0.002"/>
  <testcase classname="testing.Selenium.MadhuSecondTest2" name="madhuFourthTest" time="0.001"/>
</testsuite> <!-- testing.Selenium.MadhuSecondTest2 -->
