<?xml version="1.0" encoding="UTF-8"?>
<!-- Generated by org.testng.reporters.JUnitReportReporter -->
<testsuite hostname="LAPTOP-PJB33SAK" failures="0" tests="2" name="testing.Selenium.MadhuFirstTest" time="0.030" errors="0" timestamp="01 Feb 2022 18:46:03 GMT" skipped="0">
  <testcase classname="testing.Selenium.MadhuFirstTest" name="madhuSecondtTest" time="0.015"/>
  <testcase classname="testing.Selenium.MadhuFirstTest" name="madhuFirstTest" time="0.015"/>
</testsuite> <!-- testing.Selenium.MadhuFirstTest -->
