<?xml version="1.0" encoding="UTF-8"?>
<!-- Generated by org.testng.reporters.JUnitReportReporter -->
<testsuite hostname="LAPTOP-PJB33SAK" failures="0" tests="1" name="seleniumTests.FirstSeleniumTest2" time="5.562" errors="0" timestamp="03 Feb 2022 15:47:09 GMT" skipped="0">
  <testcase classname="seleniumTests.FirstSeleniumTest2" name="loginTest" time="5.562"/>
</testsuite> <!-- seleniumTests.FirstSeleniumTest2 -->
