<?xml version="1.0" encoding="UTF-8"?>
<!-- Generated by org.testng.reporters.JUnitReportReporter -->
<testsuite hostname="LAPTOP-PJB33SAK" failures="0" tests="1" name="seleniumTests.FirstSeleniyumTest" time="1.765" errors="0" timestamp="01 Feb 2022 16:10:36 GMT" skipped="0">
  <testcase classname="seleniumTests.FirstSeleniyumTest" name="launchTest" time="1.765"/>
</testsuite> <!-- seleniumTests.FirstSeleniyumTest -->
